# JRE version: Java(TM) SE Runtime Environment (8.0_161-b12) (build 1.8.0_161-b12)
# Java VM: Java HotSpot(TM) 64-Bit Server VM (25.161-b12 mixed mode linux-amd64 compressed oops)
Heap:
 PSYoungGen      total 199168K, used 41404K [0x00000000eab00000, 0x00000000fd600000, 0x0000000100000000)
  eden space 150528K, 0% used [0x00000000eab00000,0x00000000eab00000,0x00000000f3e00000)
  from space 48640K, 85% used [0x00000000f3e00000,0x00000000f666f170,0x00000000f6d80000)
  to   space 53248K, 0% used [0x00000000fa200000,0x00000000fa200000,0x00000000fd600000)
 ParOldGen       total 699392K, used 105214K [0x00000000c0000000, 0x00000000eab00000, 0x00000000eab00000)
  object space 699392K, 15% used [0x00000000c0000000,0x00000000c66bfbe8,0x00000000eab00000)
 Metaspace       used 83541K, capacity 84047K, committed 84224K, reserved 1122304K
  class space    used 12107K, capacity 12272K, committed 12288K, reserved 1048576K
GC Heap History (10 events):
Event: 10.469 GC heap after
Heap after GC invocations=19 (full 4):
 PSYoungGen      total 169472K, used 0K [0x00000000eab00000, 0x00000000f8e80000, 0x0000000100000000)
  eden space 126976K, 0% used [0x00000000eab00000,0x00000000eab00000,0x00000000f2700000)
  from space 42496K, 0% used [0x00000000f2700000,0x00000000f2700000,0x00000000f5080000)
  to   space 44032K, 0% used [0x00000000f6380000,0x00000000f6380000,0x00000000f8e80000)
 ParOldGen       total 237568K, used 103539K [0x00000000c0000000, 0x00000000ce800000, 0x00000000eab00000)
  object space 237568K, 43% used [0x00000000c0000000,0x00000000c651cd38,0x00000000ce800000)
 Metaspace       used 62064K, capacity 62291K, committed 62580K, reserved 1103872K
  class space    used 8606K, capacity 8699K, committed 8704K, reserved 1048576K
}
Event: 10.987 GC heap before
{Heap before GC invocations=20 (full 4):
 PSYoungGen      total 169472K, used 126976K [0x00000000eab00000, 0x00000000f8e80000, 0x0000000100000000)
  eden space 126976K, 100% used [0x00000000eab00000,0x00000000f2700000,0x00000000f2700000)
  from space 42496K, 0% used [0x00000000f2700000,0x00000000f2700000,0x00000000f5080000)
  to   space 44032K, 0% used [0x00000000f6380000,0x00000000f6380000,0x00000000f8e80000)
 ParOldGen       total 237568K, used 103539K [0x00000000c0000000, 0x00000000ce800000, 0x00000000eab00000)
  object space 237568K, 43% used [0x00000000c0000000,0x00000000c651cd38,0x00000000ce800000)
 Metaspace       used 70658K, capacity 70919K, committed 71424K, reserved 1110016K
  class space    used 10036K, capacity 10144K, committed 10240K, reserved 1048576K
Event: 10.992 GC heap after
Heap after GC invocations=20 (full 4):
 PSYoungGen      total 187904K, used 10113K [0x00000000eab00000, 0x00000000f8d80000, 0x0000000100000000)
  eden space 144896K, 0% used [0x00000000eab00000,0x00000000eab00000,0x00000000f3880000)
  from space 43008K, 23% used [0x00000000f6380000,0x00000000f6d60560,0x00000000f8d80000)
  to   space 43520K, 0% used [0x00000000f3880000,0x00000000f3880000,0x00000000f6300000)
 ParOldGen       total 237568K, used 103547K [0x00000000c0000000, 0x00000000ce800000, 0x00000000eab00000)
  object space 237568K, 43% used [0x00000000c0000000,0x00000000c651ed38,0x00000000ce800000)
 Metaspace       used 70658K, capacity 70919K, committed 71424K, reserved 1110016K
  class space    used 10036K, capacity 10144K, committed 10240K, reserved 1048576K
}
Event: 11.715 GC heap before
{Heap before GC invocations=21 (full 4):
 PSYoungGen      total 187904K, used 155009K [0x00000000eab00000, 0x00000000f8d80000, 0x0000000100000000)
  eden space 144896K, 100% used [0x00000000eab00000,0x00000000f3880000,0x00000000f3880000)
  from space 43008K, 23% used [0x00000000f6380000,0x00000000f6d60560,0x00000000f8d80000)
  to   space 43520K, 0% used [0x00000000f3880000,0x00000000f3880000,0x00000000f6300000)
 ParOldGen       total 237568K, used 103547K [0x00000000c0000000, 0x00000000ce800000, 0x00000000eab00000)
  object space 237568K, 43% used [0x00000000c0000000,0x00000000c651ed38,0x00000000ce800000)
 Metaspace       used 80795K, capacity 81241K, committed 81408K, reserved 1118208K
  class space    used 11640K, capacity 11770K, committed 11776K, reserved 1048576K
Event: 11.722 GC heap after
Heap after GC invocations=21 (full 4):
 PSYoungGen      total 188416K, used 14726K [0x00000000eab00000, 0x00000000f9600000, 0x0000000100000000)
  eden space 144896K, 0% used [0x00000000eab00000,0x00000000eab00000,0x00000000f3880000)
  from space 43520K, 33% used [0x00000000f3880000,0x00000000f46e19c0,0x00000000f6300000)
  to   space 41472K, 0% used [0x00000000f6d80000,0x00000000f6d80000,0x00000000f9600000)
 ParOldGen       total 237568K, used 103555K [0x00000000c0000000, 0x00000000ce800000, 0x00000000eab00000)
  object space 237568K, 43% used [0x00000000c0000000,0x00000000c6520d38,0x00000000ce800000)
 Metaspace       used 80795K, capacity 81241K, committed 81408K, reserved 1118208K
  class space    used 11640K, capacity 11770K, committed 11776K, reserved 1048576K
}
Event: 20.131 GC heap before
{Heap before GC invocations=22 (full 4):
 PSYoungGen      total 188416K, used 118631K [0x00000000eab00000, 0x00000000f9600000, 0x0000000100000000)
  eden space 144896K, 71% used [0x00000000eab00000,0x00000000f1078558,0x00000000f3880000)
  from space 43520K, 33% used [0x00000000f3880000,0x00000000f46e19c0,0x00000000f6300000)
  to   space 41472K, 0% used [0x00000000f6d80000,0x00000000f6d80000,0x00000000f9600000)
 ParOldGen       total 699392K, used 103555K [0x00000000c0000000, 0x00000000eab00000, 0x00000000eab00000)
  object space 699392K, 14% used [0x00000000c0000000,0x00000000c6520d38,0x00000000eab00000)
 Metaspace       used 83541K, capacity 84047K, committed 84224K, reserved 1122304K
  class space    used 12107K, capacity 12272K, committed 12288K, reserved 1048576K
Event: 20.147 GC heap after
Heap after GC invocations=22 (full 4):
 PSYoungGen      total 192000K, used 41452K [0x00000000eab00000, 0x00000000fa180000, 0x0000000100000000)
  eden space 150528K, 0% used [0x00000000eab00000,0x00000000eab00000,0x00000000f3e00000)
  from space 41472K, 99% used [0x00000000f6d80000,0x00000000f95fb180,0x00000000f9600000)
  to   space 48640K, 0% used [0x00000000f3e00000,0x00000000f3e00000,0x00000000f6d80000)
 ParOldGen       total 699392K, used 105214K [0x00000000c0000000, 0x00000000eab00000, 0x00000000eab00000)
  object space 699392K, 15% used [0x00000000c0000000,0x00000000c66bfbe8,0x00000000eab00000)
 Metaspace       used 83541K, capacity 84047K, committed 84224K, reserved 1122304K
  class space    used 12107K, capacity 12272K, committed 12288K, reserved 1048576K
}
Event: 20.147 GC heap before
{Heap before GC invocations=23 (full 4):
 PSYoungGen      total 192000K, used 41452K [0x00000000eab00000, 0x00000000fa180000, 0x0000000100000000)
  eden space 150528K, 0% used [0x00000000eab00000,0x00000000eab00000,0x00000000f3e00000)
  from space 41472K, 99% used [0x00000000f6d80000,0x00000000f95fb180,0x00000000f9600000)
  to   space 48640K, 0% used [0x00000000f3e00000,0x00000000f3e00000,0x00000000f6d80000)
 ParOldGen       total 699392K, used 105214K [0x00000000c0000000, 0x00000000eab00000, 0x00000000eab00000)
  object space 699392K, 15% used [0x00000000c0000000,0x00000000c66bfbe8,0x00000000eab00000)
 Metaspace       used 83541K, capacity 84047K, committed 84224K, reserved 1122304K
  class space    used 12107K, capacity 12272K, committed 12288K, reserved 1048576K
Event: 20.157 GC heap after
Heap after GC invocations=23 (full 4):
 PSYoungGen      total 199168K, used 41404K [0x00000000eab00000, 0x00000000fd600000, 0x0000000100000000)
  eden space 150528K, 0% used [0x00000000eab00000,0x00000000eab00000,0x00000000f3e00000)
  from space 48640K, 85% used [0x00000000f3e00000,0x00000000f666f170,0x00000000f6d80000)
  to   space 53248K, 0% used [0x00000000fa200000,0x00000000fa200000,0x00000000fd600000)
 ParOldGen       total 699392K, used 105214K [0x00000000c0000000, 0x00000000eab00000, 0x00000000eab00000)
  object space 699392K, 15% used [0x00000000c0000000,0x00000000c66bfbe8,0x00000000eab00000)
 Metaspace       used 83541K, capacity 84047K, committed 84224K, reserved 1122304K
  class space    used 12107K, capacity 12272K, committed 12288K, reserved 1048576K
}
Event: 20.157 GC heap before
{Heap before GC invocations=24 (full 5):
 PSYoungGen      total 199168K, used 41404K [0x00000000eab00000, 0x00000000fd600000, 0x0000000100000000)
  eden space 150528K, 0% used [0x00000000eab00000,0x00000000eab00000,0x00000000f3e00000)
  from space 48640K, 85% used [0x00000000f3e00000,0x00000000f666f170,0x00000000f6d80000)
  to   space 53248K, 0% used [0x00000000fa200000,0x00000000fa200000,0x00000000fd600000)
 ParOldGen       total 699392K, used 105214K [0x00000000c0000000, 0x00000000eab00000, 0x00000000eab00000)
  object space 699392K, 15% used [0x00000000c0000000,0x00000000c66bfbe8,0x00000000eab00000)
 Metaspace       used 83541K, capacity 84047K, committed 84224K, reserved 1122304K
  class space    used 12107K, capacity 12272K, committed 12288K, reserved 1048576K

