# JRE version: Java(TM) SE Runtime Environment (8.0_161-b12) (build 1.8.0_161-b12)
# Java VM: Java HotSpot(TM) 64-Bit Server VM (25.161-b12 mixed mode linux-amd64 compressed oops)
Heap:
 PSYoungGen      total 235520K, used 143806K [0x00000000eab00000, 0x00000000fcb80000, 0x0000000100000000)
  eden space 189952K, 66% used [0x00000000eab00000,0x00000000f26d6420,0x00000000f6480000)
  from space 45568K, 37% used [0x00000000f6480000,0x00000000f7519690,0x00000000f9100000)
  to   space 44032K, 0% used [0x00000000fa080000,0x00000000fa080000,0x00000000fcb80000)
 ParOldGen       total 699392K, used 107787K [0x00000000c0000000, 0x00000000eab00000, 0x00000000eab00000)
  object space 699392K, 15% used [0x00000000c0000000,0x00000000c6942fb0,0x00000000eab00000)
 Metaspace       used 83191K, capacity 83695K, committed 83968K, reserved 1120256K
  class space    used 12080K, capacity 12240K, committed 12288K, reserved 1048576K
GC Heap History (10 events):
Event: 4.476 GC heap before
{Heap before GC invocations=11 (full 3):
 PSYoungGen      total 204288K, used 171008K [0x00000000eab00000, 0x00000000faf00000, 0x0000000100000000)
  eden space 171008K, 100% used [0x00000000eab00000,0x00000000f5200000,0x00000000f5200000)
  from space 33280K, 0% used [0x00000000f6200000,0x00000000f6200000,0x00000000f8280000)
  to   space 45568K, 0% used [0x00000000f8280000,0x00000000f8280000,0x00000000faf00000)
 ParOldGen       total 233472K, used 88580K [0x00000000c0000000, 0x00000000ce400000, 0x00000000eab00000)
  object space 233472K, 37% used [0x00000000c0000000,0x00000000c5681180,0x00000000ce400000)
 Metaspace       used 50163K, capacity 50387K, committed 50688K, reserved 1093632K
  class space    used 7243K, capacity 7341K, committed 7424K, reserved 1048576K
Event: 4.493 GC heap after
Heap after GC invocations=11 (full 3):
 PSYoungGen      total 219648K, used 23904K [0x00000000eab00000, 0x00000000fce80000, 0x0000000100000000)
  eden space 174080K, 0% used [0x00000000eab00000,0x00000000eab00000,0x00000000f5500000)
  from space 45568K, 52% used [0x00000000f8280000,0x00000000f99d8140,0x00000000faf00000)
  to   space 46592K, 0% used [0x00000000f5500000,0x00000000f5500000,0x00000000f8280000)
 ParOldGen       total 233472K, used 88588K [0x00000000c0000000, 0x00000000ce400000, 0x00000000eab00000)
  object space 233472K, 37% used [0x00000000c0000000,0x00000000c5683180,0x00000000ce400000)
 Metaspace       used 50163K, capacity 50387K, committed 50688K, reserved 1093632K
  class space    used 7243K, capacity 7341K, committed 7424K, reserved 1048576K
}
Event: 5.981 GC heap before
{Heap before GC invocations=12 (full 3):
 PSYoungGen      total 219648K, used 197984K [0x00000000eab00000, 0x00000000fce80000, 0x0000000100000000)
  eden space 174080K, 100% used [0x00000000eab00000,0x00000000f5500000,0x00000000f5500000)
  from space 45568K, 52% used [0x00000000f8280000,0x00000000f99d8140,0x00000000faf00000)
  to   space 46592K, 0% used [0x00000000f5500000,0x00000000f5500000,0x00000000f8280000)
 ParOldGen       total 233472K, used 88588K [0x00000000c0000000, 0x00000000ce400000, 0x00000000eab00000)
  object space 233472K, 37% used [0x00000000c0000000,0x00000000c5683180,0x00000000ce400000)
 Metaspace       used 58907K, capacity 59213K, committed 59520K, reserved 1099776K
  class space    used 8217K, capacity 8314K, committed 8320K, reserved 1048576K
Event: 6.003 GC heap after
Heap after GC invocations=12 (full 3):
 PSYoungGen      total 220672K, used 23772K [0x00000000eab00000, 0x00000000fbf80000, 0x0000000100000000)
  eden space 174080K, 0% used [0x00000000eab00000,0x00000000eab00000,0x00000000f5500000)
  from space 46592K, 51% used [0x00000000f5500000,0x00000000f6c37208,0x00000000f8280000)
  to   space 45056K, 0% used [0x00000000f9380000,0x00000000f9380000,0x00000000fbf80000)
 ParOldGen       total 233472K, used 88596K [0x00000000c0000000, 0x00000000ce400000, 0x00000000eab00000)
  object space 233472K, 37% used [0x00000000c0000000,0x00000000c5685180,0x00000000ce400000)
 Metaspace       used 58907K, capacity 59213K, committed 59520K, reserved 1099776K
  class space    used 8217K, capacity 8314K, committed 8320K, reserved 1048576K
}
Event: 8.186 GC heap before
{Heap before GC invocations=13 (full 3):
 PSYoungGen      total 220672K, used 138922K [0x00000000eab00000, 0x00000000fbf80000, 0x0000000100000000)
  eden space 174080K, 66% used [0x00000000eab00000,0x00000000f1b73988,0x00000000f5500000)
  from space 46592K, 51% used [0x00000000f5500000,0x00000000f6c37208,0x00000000f8280000)
  to   space 45056K, 0% used [0x00000000f9380000,0x00000000f9380000,0x00000000fbf80000)
 ParOldGen       total 233472K, used 88596K [0x00000000c0000000, 0x00000000ce400000, 0x00000000eab00000)
  object space 233472K, 37% used [0x00000000c0000000,0x00000000c5685180,0x00000000ce400000)
 Metaspace       used 65137K, capacity 65363K, committed 65664K, reserved 1105920K
  class space    used 9188K, capacity 9275K, committed 9344K, reserved 1048576K
Event: 8.201 GC heap after
Heap after GC invocations=13 (full 3):
 PSYoungGen      total 232960K, used 28279K [0x00000000eab00000, 0x00000000fbd80000, 0x0000000100000000)
  eden space 189952K, 0% used [0x00000000eab00000,0x00000000eab00000,0x00000000f6480000)
  from space 43008K, 65% used [0x00000000f9380000,0x00000000faf1dd38,0x00000000fbd80000)
  to   space 45568K, 0% used [0x00000000f6480000,0x00000000f6480000,0x00000000f9100000)
 ParOldGen       total 233472K, used 88604K [0x00000000c0000000, 0x00000000ce400000, 0x00000000eab00000)
  object space 233472K, 37% used [0x00000000c0000000,0x00000000c5687180,0x00000000ce400000)
 Metaspace       used 65137K, capacity 65363K, committed 65664K, reserved 1105920K
  class space    used 9188K, capacity 9275K, committed 9344K, reserved 1048576K
}
Event: 8.201 GC heap before
{Heap before GC invocations=14 (full 4):
 PSYoungGen      total 232960K, used 28279K [0x00000000eab00000, 0x00000000fbd80000, 0x0000000100000000)
  eden space 189952K, 0% used [0x00000000eab00000,0x00000000eab00000,0x00000000f6480000)
  from space 43008K, 65% used [0x00000000f9380000,0x00000000faf1dd38,0x00000000fbd80000)
  to   space 45568K, 0% used [0x00000000f6480000,0x00000000f6480000,0x00000000f9100000)
 ParOldGen       total 233472K, used 88604K [0x00000000c0000000, 0x00000000ce400000, 0x00000000eab00000)
  object space 233472K, 37% used [0x00000000c0000000,0x00000000c5687180,0x00000000ce400000)
 Metaspace       used 65137K, capacity 65363K, committed 65664K, reserved 1105920K
  class space    used 9188K, capacity 9275K, committed 9344K, reserved 1048576K
Event: 8.373 GC heap after
Heap after GC invocations=14 (full 4):
 PSYoungGen      total 232960K, used 0K [0x00000000eab00000, 0x00000000fbd80000, 0x0000000100000000)
  eden space 189952K, 0% used [0x00000000eab00000,0x00000000eab00000,0x00000000f6480000)
  from space 43008K, 0% used [0x00000000f9380000,0x00000000f9380000,0x00000000fbd80000)
  to   space 45568K, 0% used [0x00000000f6480000,0x00000000f6480000,0x00000000f9100000)
 ParOldGen       total 301568K, used 107779K [0x00000000c0000000, 0x00000000d2680000, 0x00000000eab00000)
  object space 301568K, 35% used [0x00000000c0000000,0x00000000c6940fb0,0x00000000d2680000)
 Metaspace       used 65137K, capacity 65363K, committed 65664K, reserved 1105920K
  class space    used 9188K, capacity 9275K, committed 9344K, reserved 1048576K
}
Event: 9.357 GC heap before
{Heap before GC invocations=15 (full 4):
 PSYoungGen      total 232960K, used 189918K [0x00000000eab00000, 0x00000000fbd80000, 0x0000000100000000)
  eden space 189952K, 99% used [0x00000000eab00000,0x00000000f64779a0,0x00000000f6480000)
  from space 43008K, 0% used [0x00000000f9380000,0x00000000f9380000,0x00000000fbd80000)
  to   space 45568K, 0% used [0x00000000f6480000,0x00000000f6480000,0x00000000f9100000)
 ParOldGen       total 301568K, used 107779K [0x00000000c0000000, 0x00000000d2680000, 0x00000000eab00000)
  object space 301568K, 35% used [0x00000000c0000000,0x00000000c6940fb0,0x00000000d2680000)
 Metaspace       used 79508K, capacity 79963K, committed 80256K, reserved 1118208K
  class space    used 11456K, capacity 11557K, committed 11648K, reserved 1048576K
Event: 9.365 GC heap after
Heap after GC invocations=15 (full 4):
 PSYoungGen      total 235520K, used 16997K [0x00000000eab00000, 0x00000000fcb80000, 0x0000000100000000)
  eden space 189952K, 0% used [0x00000000eab00000,0x00000000eab00000,0x00000000f6480000)
  from space 45568K, 37% used [0x00000000f6480000,0x00000000f7519690,0x00000000f9100000)
  to   space 44032K, 0% used [0x00000000fa080000,0x00000000fa080000,0x00000000fcb80000)
 ParOldGen       total 301568K, used 107787K [0x00000000c0000000, 0x00000000d2680000, 0x00000000eab00000)
  object space 301568K, 35% used [0x00000000c0000000,0x00000000c6942fb0,0x00000000d2680000)
 Metaspace       used 79508K, capacity 79963K, committed 80256K, reserved 1118208K
  class space    used 11456K, capacity 11557K, committed 11648K, reserved 1048576K
}

